# JRE version: OpenJDK Runtime Environment Corretto-11.0.13.8.1 (11.0.13+8) (build 11.0.13+8-LTS)
# Java VM: OpenJDK 64-Bit Server VM Corretto-11.0.13.8.1 (11.0.13+8-LTS, mixed mode, tiered, compressed oops, g1 gc, windows-amd64)
Heap:
 garbage-first heap   total 131072K, used 46247K [0x0000000081e00000, 0x0000000100000000)
  region size 1024K, 41 young (41984K), 5 survivors (5120K)
 Metaspace       used 32817K, capacity 33860K, committed 34096K, reserved 1079296K
  class space    used 3799K, capacity 4220K, committed 4224K, reserved 1048576K
GC Heap History (8 events):
Event: 0.737 GC heap before
{Heap before GC invocations=0 (full 0):
 garbage-first heap   total 131072K, used 25600K [0x0000000081e00000, 0x0000000100000000)
  region size 1024K, 24 young (24576K), 0 survivors (0K)
 Metaspace       used 12055K, capacity 12327K, committed 12672K, reserved 1060864K
  class space    used 1172K, capacity 1283K, committed 1408K, reserved 1048576K
}
Event: 0.743 GC heap after
{Heap after GC invocations=1 (full 0):
 garbage-first heap   total 131072K, used 6152K [0x0000000081e00000, 0x0000000100000000)
  region size 1024K, 3 young (3072K), 3 survivors (3072K)
 Metaspace       used 12055K, capacity 12327K, committed 12672K, reserved 1060864K
  class space    used 1172K, capacity 1283K, committed 1408K, reserved 1048576K
}
Event: 1.373 GC heap before
{Heap before GC invocations=1 (full 0):
 garbage-first heap   total 131072K, used 45064K [0x0000000081e00000, 0x0000000100000000)
  region size 1024K, 43 young (44032K), 3 survivors (3072K)
 Metaspace       used 20702K, capacity 21149K, committed 21296K, reserved 1069056K
  class space    used 2191K, capacity 2383K, committed 2432K, reserved 1048576K
}
Event: 1.380 GC heap after
{Heap after GC invocations=2 (full 0):
 garbage-first heap   total 131072K, used 8079K [0x0000000081e00000, 0x0000000100000000)
  region size 1024K, 5 young (5120K), 5 survivors (5120K)
 Metaspace       used 20702K, capacity 21149K, committed 21296K, reserved 1069056K
  class space    used 2191K, capacity 2383K, committed 2432K, reserved 1048576K
}
Event: 1.688 GC heap before
{Heap before GC invocations=3 (full 0):
 garbage-first heap   total 131072K, used 49039K [0x0000000081e00000, 0x0000000100000000)
  region size 1024K, 46 young (47104K), 5 survivors (5120K)
 Metaspace       used 24332K, capacity 24912K, committed 25136K, reserved 1071104K
  class space    used 2689K, capacity 2936K, committed 2944K, reserved 1048576K
}
Event: 1.695 GC heap after
{Heap after GC invocations=4 (full 0):
 garbage-first heap   total 131072K, used 9137K [0x0000000081e00000, 0x0000000100000000)
  region size 1024K, 4 young (4096K), 4 survivors (4096K)
 Metaspace       used 24332K, capacity 24912K, committed 25136K, reserved 1071104K
  class space    used 2689K, capacity 2936K, committed 2944K, reserved 1048576K
}
Event: 2.285 GC heap before
{Heap before GC invocations=4 (full 0):
 garbage-first heap   total 131072K, used 64433K [0x0000000081e00000, 0x0000000100000000)
  region size 1024K, 59 young (60416K), 4 survivors (4096K)
 Metaspace       used 27466K, capacity 28217K, committed 28464K, reserved 1075200K
  class space    used 3048K, capacity 3345K, committed 3456K, reserved 1048576K
}
Event: 2.291 GC heap after
{Heap after GC invocations=5 (full 0):
 garbage-first heap   total 131072K, used 10407K [0x0000000081e00000, 0x0000000100000000)
  region size 1024K, 5 young (5120K), 5 survivors (5120K)
 Metaspace       used 27466K, capacity 28217K, committed 28464K, reserved 1075200K
  class space    used 3048K, capacity 3345K, committed 3456K, reserved 1048576K
}

